<?xml version="1.0" encoding="UTF-8"?>
<!-- Generated by org.testng.reporters.JUnitReportReporter -->
<testsuite hostname="MAC-LAP-113" name="Login.Validuser" tests="2" failures="0" timestamp="10 Aug 2018 11:10:34 GMT" time="22.069" errors="0">
  <testcase name="case2" time="10.685" classname="Login.Validuser"/>
  <testcase name="case1" time="11.384" classname="Login.Validuser"/>
</testsuite> <!-- Login.Validuser -->
